11:42:05,711 (AWT-EventQueue-0) INFO  [uniandes.isis2304.parranderos.negocio.Parranderos] - Limpiando la BD de Parranderos
11:42:05,809 (AWT-EventQueue-0) INFO  [uniandes.isis2304.parranderos.persistencia.PersistenciaParranderos] - Borrada la base de datos
11:42:05,810 (AWT-EventQueue-0) INFO  [uniandes.isis2304.parranderos.negocio.Parranderos] - Limpiando la BD de Parranderos: Listo!
17:49:19,884 (main) INFO  [uniandes.isis2304.parranderos.interfazApp.InterfazParranderosApp] - Se encontr√≥ un archivo de configuraci√≥n v√°lido: Interfaz
17:49:19,884 (main) INFO  [uniandes.isis2304.parranderos.interfazApp.InterfazParranderosApp] - Se aplica configuraci√≥n indicada en el archivo de configuraci√≥n
17:49:19,896 (main) INFO  [uniandes.isis2304.parranderos.interfazApp.InterfazParranderosApp] - Se encontr√≥ un archivo de configuraci√≥n v√°lido: Tablas BD
15:44:48,485 (main) INFO  [uniandes.isis2304.parranderos.interfazApp.InterfazParranderosApp] - Se encontrÛ un archivo de configuraciÛn v·lido: Interfaz
15:44:48,485 (main) INFO  [uniandes.isis2304.parranderos.interfazApp.InterfazParranderosApp] - Se aplica configuraciÛn indicada en el archivo de configuraciÛn
15:44:48,501 (main) INFO  [uniandes.isis2304.parranderos.interfazApp.InterfazParranderosApp] - Se encontrÛ un archivo de configuraciÛn v·lido: Tablas BD
15:45:30,495 (main) INFO  [uniandes.isis2304.parranderos.interfazApp.InterfazParranderosApp] - Se encontrÛ un archivo de configuraciÛn v·lido: Interfaz
15:45:30,495 (main) INFO  [uniandes.isis2304.parranderos.interfazApp.InterfazParranderosApp] - Se aplica configuraciÛn indicada en el archivo de configuraciÛn
15:45:30,509 (main) INFO  [uniandes.isis2304.parranderos.interfazApp.InterfazParranderosApp] - Se encontrÛ un archivo de configuraciÛn v·lido: Tablas BD
16:37:55,123 (main) INFO  [uniandes.isis2304.parranderos.interfazApp.InterfazParranderosApp] - Se encontr√≥ un archivo de configuraci√≥n v√°lido: Interfaz
16:37:55,124 (main) INFO  [uniandes.isis2304.parranderos.interfazApp.InterfazParranderosApp] - Se aplica configuraci√≥n indicada en el archivo de configuraci√≥n
16:37:55,155 (main) INFO  [uniandes.isis2304.parranderos.interfazApp.InterfazParranderosApp] - Se encontr√≥ un archivo de configuraci√≥n v√°lido: Tablas BD
17:13:19,259 (main) INFO  [uniandes.isis2304.parranderos.interfazApp.InterfazParranderosApp] - Se encontr√≥ un archivo de configuraci√≥n v√°lido: Interfaz
17:13:19,259 (main) INFO  [uniandes.isis2304.parranderos.interfazApp.InterfazParranderosApp] - Se aplica configuraci√≥n indicada en el archivo de configuraci√≥n
17:13:19,276 (main) INFO  [uniandes.isis2304.parranderos.interfazApp.InterfazParranderosApp] - Se encontr√≥ un archivo de configuraci√≥n v√°lido: Tablas BD
18:02:28,014 (main) INFO  [uniandes.isis2304.parranderos.interfazApp.InterfazParranderosApp] - Se encontr√≥ un archivo de configuraci√≥n v√°lido: Interfaz
18:02:28,014 (main) INFO  [uniandes.isis2304.parranderos.interfazApp.InterfazParranderosApp] - Se aplica configuraci√≥n indicada en el archivo de configuraci√≥n
18:02:28,030 (main) INFO  [uniandes.isis2304.parranderos.interfazApp.InterfazParranderosApp] - Se encontr√≥ un archivo de configuraci√≥n v√°lido: Tablas BD
